Extracted features not found, loading raw features.
Iteration 1: loss = 0.693147, grad_norm = 0.071915
Iteration 2: loss = 0.702982, grad_norm = 0.094185
Iteration 3: loss = 0.670263, grad_norm = 0.023688
Iteration 4: loss = 0.669667, grad_norm = 0.014057
Iteration 5: loss = 0.669245, grad_norm = 0.000111
Iteration 6: loss = 0.669245, grad_norm = 0.000104
Iteration 7: loss = 0.669245, grad_norm = 0.000069
Iteration 8: loss = 0.669245, grad_norm = 0.000070
Iteration 9: loss = 0.669245, grad_norm = 0.000103
Iteration 10: loss = 0.669245, grad_norm = 0.000062
Iteration 11: loss = 0.669245, grad_norm = 0.000003
Iteration 12: loss = 0.669245, grad_norm = 0.000002
Iteration 13: loss = 0.669245, grad_norm = 0.000002
Iteration 14: loss = 0.669245, grad_norm = 0.000001
Iteration 15: loss = 0.669245, grad_norm = 0.000001
Iteration 16: loss = 0.669245, grad_norm = 0.000001
Iteration 17: loss = 0.669245, grad_norm = 0.000001
Iteration 18: loss = 0.669245, grad_norm = 0.000001
Iteration 19: loss = 0.669245, grad_norm = 0.000001
Iteration 20: loss = 0.669245, grad_norm = 0.000001
Iteration 21: loss = 0.669245, grad_norm = 0.000000
Iteration 22: loss = 0.669245, grad_norm = 0.000000
Iteration 23: loss = 0.669245, grad_norm = 0.000000
Iteration 24: loss = 0.669245, grad_norm = 0.000000
Iteration 25: loss = 0.669245, grad_norm = 0.000000
Iteration 26: loss = 0.669245, grad_norm = 0.000000
Iteration 27: loss = 0.669245, grad_norm = 0.000000
Iteration 28: loss = 0.669245, grad_norm = 0.000000
Iteration 29: loss = 0.669245, grad_norm = 0.000000
Iteration 30: loss = 0.669245, grad_norm = 0.000000
Iteration 31: loss = 0.669245, grad_norm = 0.000000
Iteration 32: loss = 0.669245, grad_norm = 0.000000
Iteration 33: loss = 0.669245, grad_norm = 0.000000
Iteration 34: loss = 0.669245, grad_norm = 0.000000
Iteration 35: loss = 0.669245, grad_norm = 0.000000
Iteration 36: loss = 0.669245, grad_norm = 0.000000
Iteration 37: loss = 0.669245, grad_norm = 0.000000
Iteration 38: loss = 0.669245, grad_norm = 0.000000
Iteration 39: loss = 0.669245, grad_norm = 0.000000
Iteration 40: loss = 0.669245, grad_norm = 0.000000
Iteration 41: loss = 0.669245, grad_norm = 0.000000
Iteration 42: loss = 0.669245, grad_norm = 0.000000
Iteration 43: loss = 0.669245, grad_norm = 0.000000
Iteration 44: loss = 0.669245, grad_norm = 0.000000
Iteration 45: loss = 0.669245, grad_norm = 0.000000
Iteration 46: loss = 0.669245, grad_norm = 0.000000
Iteration 47: loss = 0.669245, grad_norm = 0.000000
Iteration 48: loss = 0.669245, grad_norm = 0.000000
Iteration 49: loss = 0.669245, grad_norm = 0.000000
Iteration 50: loss = 0.669245, grad_norm = 0.000000
Iteration 51: loss = 0.669245, grad_norm = 0.000000
Iteration 52: loss = 0.669245, grad_norm = 0.000000
Iteration 53: loss = 0.669245, grad_norm = 0.000000
Iteration 54: loss = 0.669245, grad_norm = 0.000000
Iteration 55: loss = 0.669245, grad_norm = 0.000000
Iteration 56: loss = 0.669245, grad_norm = 0.000000
Iteration 57: loss = 0.669245, grad_norm = 0.000000
Iteration 58: loss = 0.669245, grad_norm = 0.000000
Iteration 59: loss = 0.669245, grad_norm = 0.000000
Iteration 60: loss = 0.669245, grad_norm = 0.000000
Iteration 61: loss = 0.669245, grad_norm = 0.000000
Iteration 62: loss = 0.669245, grad_norm = 0.000000
Iteration 63: loss = 0.669245, grad_norm = 0.000000
Iteration 64: loss = 0.669245, grad_norm = 0.000000
Iteration 65: loss = 0.669245, grad_norm = 0.000000
Iteration 66: loss = 0.669245, grad_norm = 0.000000
Iteration 67: loss = 0.669245, grad_norm = 0.000000
Iteration 68: loss = 0.669245, grad_norm = 0.000000
Iteration 69: loss = 0.669245, grad_norm = 0.000000
Iteration 70: loss = 0.669245, grad_norm = 0.000000
Iteration 71: loss = 0.669245, grad_norm = 0.000000
Iteration 72: loss = 0.669245, grad_norm = 0.000000
Iteration 73: loss = 0.669245, grad_norm = 0.000000
Iteration 74: loss = 0.669245, grad_norm = 0.000000
Iteration 75: loss = 0.669245, grad_norm = 0.000000
Iteration 76: loss = 0.669245, grad_norm = 0.000000
Iteration 77: loss = 0.669245, grad_norm = 0.000000
Iteration 78: loss = 0.669245, grad_norm = 0.000000
Iteration 79: loss = 0.669245, grad_norm = 0.000000
Iteration 80: loss = 0.669245, grad_norm = 0.000000
Iteration 81: loss = 0.669245, grad_norm = 0.000000
Iteration 82: loss = 0.669245, grad_norm = 0.000000
Iteration 83: loss = 0.669245, grad_norm = 0.000000
Iteration 84: loss = 0.669245, grad_norm = 0.000000
Iteration 85: loss = 0.669245, grad_norm = 0.000000
Iteration 86: loss = 0.669245, grad_norm = 0.000000
Iteration 87: loss = 0.669245, grad_norm = 0.000000
Iteration 88: loss = 0.669245, grad_norm = 0.000000
Iteration 89: loss = 0.669245, grad_norm = 0.000000
Iteration 90: loss = 0.669245, grad_norm = 0.000000
Iteration 91: loss = 0.669245, grad_norm = 0.000000
Iteration 92: loss = 0.669245, grad_norm = 0.000000
Iteration 93: loss = 0.669245, grad_norm = 0.000000
Iteration 94: loss = 0.669245, grad_norm = 0.000000
Iteration 95: loss = 0.669245, grad_norm = 0.000000
Iteration 96: loss = 0.669245, grad_norm = 0.000000
Iteration 97: loss = 0.669245, grad_norm = 0.000000
Iteration 98: loss = 0.669245, grad_norm = 0.000000
Iteration 99: loss = 0.669245, grad_norm = 0.000000
Iteration 100: loss = 0.669245, grad_norm = 0.000000
Time elapsed: 1.04s
Test accuracy = 0.8710
Preparing for removal
Testing removal
Iteration 1: Grad norm bound = 0.000056, time = 0.13s
Iteration 2: Grad norm bound = 0.000065, time = 0.01s
Iteration 3: Grad norm bound = 0.000081, time = 0.01s
Iteration 4: Grad norm bound = 0.000057, time = 0.01s
Iteration 5: Grad norm bound = 0.000062, time = 0.01s
Iteration 6: Grad norm bound = 0.000064, time = 0.01s
Iteration 7: Grad norm bound = 0.000062, time = 0.01s
Iteration 8: Grad norm bound = 0.000064, time = 0.01s
Iteration 9: Grad norm bound = 0.000062, time = 0.01s
Iteration 10: Grad norm bound = 0.000058, time = 0.01s
Iteration 11: Grad norm bound = 0.000062, time = 0.01s
Iteration 12: Grad norm bound = 0.000063, time = 0.01s
Iteration 13: Grad norm bound = 0.000068, time = 0.01s
Iteration 14: Grad norm bound = 0.000076, time = 0.01s
Iteration 15: Grad norm bound = 0.000067, time = 0.01s
Iteration 16: Grad norm bound = 0.000057, time = 0.01s
Iteration 17: Grad norm bound = 0.000062, time = 0.01s
Iteration 18: Grad norm bound = 0.000053, time = 0.01s
Iteration 19: Grad norm bound = 0.000056, time = 0.01s
Iteration 20: Grad norm bound = 0.000076, time = 0.01s
Iteration 21: Grad norm bound = 0.000068, time = 0.01s
Iteration 22: Grad norm bound = 0.000069, time = 0.01s
Iteration 23: Grad norm bound = 0.000069, time = 0.01s
Iteration 24: Grad norm bound = 0.000062, time = 0.01s
Iteration 25: Grad norm bound = 0.000066, time = 0.01s
Iteration 26: Grad norm bound = 0.000060, time = 0.01s
Iteration 27: Grad norm bound = 0.000078, time = 0.01s
Iteration 28: Grad norm bound = 0.000064, time = 0.01s
Iteration 29: Grad norm bound = 0.000058, time = 0.01s
Iteration 30: Grad norm bound = 0.000063, time = 0.01s
Iteration 31: Grad norm bound = 0.000061, time = 0.01s
Iteration 32: Grad norm bound = 0.000073, time = 0.01s
Iteration 33: Grad norm bound = 0.000061, time = 0.01s
Iteration 34: Grad norm bound = 0.000057, time = 0.01s
Iteration 35: Grad norm bound = 0.000060, time = 0.01s
Iteration 36: Grad norm bound = 0.000057, time = 0.01s
Iteration 37: Grad norm bound = 0.000058, time = 0.01s
Iteration 38: Grad norm bound = 0.000063, time = 0.01s
Iteration 39: Grad norm bound = 0.000053, time = 0.01s
Iteration 40: Grad norm bound = 0.000055, time = 0.01s
Iteration 41: Grad norm bound = 0.000058, time = 0.01s
Iteration 42: Grad norm bound = 0.000064, time = 0.01s
Iteration 43: Grad norm bound = 0.000067, time = 0.01s
Iteration 44: Grad norm bound = 0.000056, time = 0.01s
Iteration 45: Grad norm bound = 0.000060, time = 0.01s
Iteration 46: Grad norm bound = 0.000061, time = 0.01s
Iteration 47: Grad norm bound = 0.000057, time = 0.01s
Iteration 48: Grad norm bound = 0.000069, time = 0.01s
Iteration 49: Grad norm bound = 0.000063, time = 0.01s
Iteration 50: Grad norm bound = 0.000060, time = 0.01s
Iteration 51: Grad norm bound = 0.000064, time = 0.01s
Iteration 52: Grad norm bound = 0.000052, time = 0.01s
Iteration 53: Grad norm bound = 0.000061, time = 0.01s
Iteration 54: Grad norm bound = 0.000063, time = 0.01s
Iteration 55: Grad norm bound = 0.000067, time = 0.01s
Iteration 56: Grad norm bound = 0.000058, time = 0.01s
Iteration 57: Grad norm bound = 0.000063, time = 0.01s
Iteration 58: Grad norm bound = 0.000057, time = 0.01s
Iteration 59: Grad norm bound = 0.000057, time = 0.01s
Iteration 60: Grad norm bound = 0.000066, time = 0.01s
Iteration 61: Grad norm bound = 0.000056, time = 0.01s
Iteration 62: Grad norm bound = 0.000068, time = 0.01s
Iteration 63: Grad norm bound = 0.000055, time = 0.01s
Iteration 64: Grad norm bound = 0.000075, time = 0.01s
Iteration 65: Grad norm bound = 0.000067, time = 0.01s
Iteration 66: Grad norm bound = 0.000054, time = 0.01s
Iteration 67: Grad norm bound = 0.000066, time = 0.01s
Iteration 68: Grad norm bound = 0.000062, time = 0.01s
Iteration 69: Grad norm bound = 0.000069, time = 0.01s
Iteration 70: Grad norm bound = 0.000053, time = 0.01s
Iteration 71: Grad norm bound = 0.000079, time = 0.01s
Iteration 72: Grad norm bound = 0.000059, time = 0.01s
Iteration 73: Grad norm bound = 0.000066, time = 0.01s
Iteration 74: Grad norm bound = 0.000050, time = 0.01s
Iteration 75: Grad norm bound = 0.000057, time = 0.01s
Iteration 76: Grad norm bound = 0.000062, time = 0.01s
Iteration 77: Grad norm bound = 0.000065, time = 0.01s
Iteration 78: Grad norm bound = 0.000059, time = 0.01s
Iteration 79: Grad norm bound = 0.000065, time = 0.01s
Iteration 80: Grad norm bound = 0.000057, time = 0.01s
Iteration 81: Grad norm bound = 0.000052, time = 0.01s
Iteration 82: Grad norm bound = 0.000075, time = 0.01s
Iteration 83: Grad norm bound = 0.000063, time = 0.01s
Iteration 84: Grad norm bound = 0.000062, time = 0.01s
Iteration 85: Grad norm bound = 0.000054, time = 0.01s
Iteration 86: Grad norm bound = 0.000064, time = 0.01s
Iteration 87: Grad norm bound = 0.000073, time = 0.01s
Iteration 88: Grad norm bound = 0.000064, time = 0.01s
Iteration 89: Grad norm bound = 0.000080, time = 0.01s
Iteration 90: Grad norm bound = 0.000063, time = 0.01s
Iteration 91: Grad norm bound = 0.000063, time = 0.01s
Iteration 92: Grad norm bound = 0.000056, time = 0.01s
Iteration 93: Grad norm bound = 0.000062, time = 0.01s
Iteration 94: Grad norm bound = 0.000058, time = 0.01s
Iteration 95: Grad norm bound = 0.000052, time = 0.01s
Iteration 96: Grad norm bound = 0.000065, time = 0.01s
Iteration 97: Grad norm bound = 0.000063, time = 0.01s
Iteration 98: Grad norm bound = 0.000055, time = 0.01s
Iteration 99: Grad norm bound = 0.000061, time = 0.01s
Iteration 100: Grad norm bound = 0.000061, time = 0.01s
Iteration 101: Grad norm bound = 0.000058, time = 0.01s
Iteration 102: Grad norm bound = 0.000069, time = 0.01s
Iteration 103: Grad norm bound = 0.000067, time = 0.01s
Iteration 104: Grad norm bound = 0.000053, time = 0.01s
Iteration 105: Grad norm bound = 0.000068, time = 0.01s
Iteration 106: Grad norm bound = 0.000068, time = 0.01s
Iteration 107: Grad norm bound = 0.000072, time = 0.01s
Iteration 108: Grad norm bound = 0.000065, time = 0.01s
Iteration 109: Grad norm bound = 0.000056, time = 0.01s
Iteration 110: Grad norm bound = 0.000066, time = 0.01s
Iteration 111: Grad norm bound = 0.000076, time = 0.01s
Iteration 112: Grad norm bound = 0.000062, time = 0.01s
Iteration 113: Grad norm bound = 0.000058, time = 0.01s
Iteration 114: Grad norm bound = 0.000058, time = 0.01s
Iteration 115: Grad norm bound = 0.000061, time = 0.01s
Iteration 116: Grad norm bound = 0.000066, time = 0.01s
Iteration 117: Grad norm bound = 0.000062, time = 0.01s
Iteration 118: Grad norm bound = 0.000056, time = 0.01s
Iteration 119: Grad norm bound = 0.000060, time = 0.01s
Iteration 120: Grad norm bound = 0.000077, time = 0.01s
Iteration 121: Grad norm bound = 0.000065, time = 0.01s
Iteration 122: Grad norm bound = 0.000051, time = 0.01s
Iteration 123: Grad norm bound = 0.000061, time = 0.01s
Iteration 124: Grad norm bound = 0.000060, time = 0.01s
Iteration 125: Grad norm bound = 0.000056, time = 0.01s
Iteration 126: Grad norm bound = 0.000061, time = 0.01s
Iteration 127: Grad norm bound = 0.000065, time = 0.01s
Iteration 128: Grad norm bound = 0.000055, time = 0.01s
Iteration 129: Grad norm bound = 0.000061, time = 0.01s
Iteration 130: Grad norm bound = 0.000082, time = 0.01s
Iteration 131: Grad norm bound = 0.000057, time = 0.01s
Iteration 132: Grad norm bound = 0.000071, time = 0.01s
Iteration 133: Grad norm bound = 0.000055, time = 0.01s
Iteration 134: Grad norm bound = 0.000052, time = 0.01s
Iteration 135: Grad norm bound = 0.000052, time = 0.01s
Iteration 136: Grad norm bound = 0.000065, time = 0.01s
Iteration 137: Grad norm bound = 0.000071, time = 0.01s
Iteration 138: Grad norm bound = 0.000055, time = 0.01s
Iteration 139: Grad norm bound = 0.000053, time = 0.01s
Iteration 140: Grad norm bound = 0.000051, time = 0.01s
Iteration 141: Grad norm bound = 0.000068, time = 0.01s
Iteration 142: Grad norm bound = 0.000060, time = 0.01s
Iteration 143: Grad norm bound = 0.000069, time = 0.01s
Iteration 144: Grad norm bound = 0.000058, time = 0.01s
Iteration 145: Grad norm bound = 0.000059, time = 0.01s
Iteration 146: Grad norm bound = 0.000083, time = 0.01s
Iteration 147: Grad norm bound = 0.000058, time = 0.01s
Iteration 148: Grad norm bound = 0.000072, time = 0.01s
Iteration 149: Grad norm bound = 0.000057, time = 0.01s
Iteration 150: Grad norm bound = 0.000059, time = 0.01s
Iteration 151: Grad norm bound = 0.000051, time = 0.01s
Iteration 152: Grad norm bound = 0.000060, time = 0.01s
Iteration 153: Grad norm bound = 0.000063, time = 0.01s
Iteration 154: Grad norm bound = 0.000070, time = 0.01s
Iteration 155: Grad norm bound = 0.000057, time = 0.01s
Iteration 156: Grad norm bound = 0.000064, time = 0.01s
Iteration 157: Grad norm bound = 0.000055, time = 0.01s
Iteration 158: Grad norm bound = 0.000062, time = 0.01s
Iteration 159: Grad norm bound = 0.000056, time = 0.01s
Iteration 160: Grad norm bound = 0.000058, time = 0.01s
Iteration 161: Grad norm bound = 0.000073, time = 0.01s
Iteration 162: Grad norm bound = 0.000069, time = 0.01s
Iteration 163: Grad norm bound = 0.000053, time = 0.01s
Iteration 164: Grad norm bound = 0.000076, time = 0.01s
Iteration 165: Grad norm bound = 0.000054, time = 0.01s
Iteration 166: Grad norm bound = 0.000067, time = 0.01s
Iteration 167: Grad norm bound = 0.000061, time = 0.01s
Iteration 168: Grad norm bound = 0.000058, time = 0.01s
Iteration 169: Grad norm bound = 0.000074, time = 0.01s
Iteration 170: Grad norm bound = 0.000059, time = 0.01s
Iteration 171: Grad norm bound = 0.000072, time = 0.01s
Iteration 172: Grad norm bound = 0.000057, time = 0.01s
Iteration 173: Grad norm bound = 0.000066, time = 0.01s
Iteration 174: Grad norm bound = 0.000050, time = 0.01s
Iteration 175: Grad norm bound = 0.000056, time = 0.01s
Iteration 176: Grad norm bound = 0.000056, time = 0.01s
Iteration 177: Grad norm bound = 0.000064, time = 0.01s
Iteration 178: Grad norm bound = 0.000059, time = 0.01s
Iteration 179: Grad norm bound = 0.000059, time = 0.01s
Iteration 180: Grad norm bound = 0.000061, time = 0.01s
Iteration 181: Grad norm bound = 0.000063, time = 0.01s
Iteration 182: Grad norm bound = 0.000057, time = 0.01s
Iteration 183: Grad norm bound = 0.000054, time = 0.01s
Iteration 184: Grad norm bound = 0.000075, time = 0.01s
Iteration 185: Grad norm bound = 0.000060, time = 0.01s
Iteration 186: Grad norm bound = 0.000067, time = 0.01s
Iteration 187: Grad norm bound = 0.000062, time = 0.01s
Iteration 188: Grad norm bound = 0.000062, time = 0.01s
Iteration 189: Grad norm bound = 0.000072, time = 0.01s
Iteration 190: Grad norm bound = 0.000060, time = 0.01s
Iteration 191: Grad norm bound = 0.000065, time = 0.01s
Iteration 192: Grad norm bound = 0.000057, time = 0.01s
Iteration 193: Grad norm bound = 0.000065, time = 0.01s
Iteration 194: Grad norm bound = 0.000056, time = 0.01s
Iteration 195: Grad norm bound = 0.000065, time = 0.01s
Iteration 196: Grad norm bound = 0.000072, time = 0.01s
Iteration 197: Grad norm bound = 0.000063, time = 0.01s
Iteration 198: Grad norm bound = 0.000059, time = 0.01s
Iteration 199: Grad norm bound = 0.000069, time = 0.01s
Iteration 200: Grad norm bound = 0.000056, time = 0.01s
Iteration 201: Grad norm bound = 0.000058, time = 0.01s
Iteration 202: Grad norm bound = 0.000078, time = 0.01s
Iteration 203: Grad norm bound = 0.000069, time = 0.01s
Iteration 204: Grad norm bound = 0.000066, time = 0.01s
Iteration 205: Grad norm bound = 0.000060, time = 0.01s
Iteration 206: Grad norm bound = 0.000054, time = 0.01s
Iteration 207: Grad norm bound = 0.000062, time = 0.01s
Iteration 208: Grad norm bound = 0.000053, time = 0.01s
Iteration 209: Grad norm bound = 0.000084, time = 0.01s
Iteration 210: Grad norm bound = 0.000057, time = 0.01s
Iteration 211: Grad norm bound = 0.000066, time = 0.01s
Iteration 212: Grad norm bound = 0.000066, time = 0.01s
Iteration 213: Grad norm bound = 0.000052, time = 0.01s
Iteration 214: Grad norm bound = 0.000062, time = 0.01s
Iteration 215: Grad norm bound = 0.000068, time = 0.01s
Iteration 216: Grad norm bound = 0.000055, time = 0.01s
Iteration 217: Grad norm bound = 0.000061, time = 0.01s
Iteration 218: Grad norm bound = 0.000059, time = 0.01s
Iteration 219: Grad norm bound = 0.000061, time = 0.01s
Iteration 220: Grad norm bound = 0.000074, time = 0.01s
Iteration 221: Grad norm bound = 0.000085, time = 0.01s
Iteration 222: Grad norm bound = 0.000065, time = 0.01s
Iteration 223: Grad norm bound = 0.000064, time = 0.01s
Iteration 224: Grad norm bound = 0.000063, time = 0.01s
Iteration 225: Grad norm bound = 0.000054, time = 0.01s
Iteration 226: Grad norm bound = 0.000051, time = 0.01s
Iteration 227: Grad norm bound = 0.000055, time = 0.01s
Iteration 228: Grad norm bound = 0.000061, time = 0.01s
Iteration 229: Grad norm bound = 0.000059, time = 0.01s
Iteration 230: Grad norm bound = 0.000069, time = 0.01s
Iteration 231: Grad norm bound = 0.000072, time = 0.01s
Iteration 232: Grad norm bound = 0.000062, time = 0.01s
Iteration 233: Grad norm bound = 0.000069, time = 0.01s
Iteration 234: Grad norm bound = 0.000061, time = 0.01s
Iteration 235: Grad norm bound = 0.000075, time = 0.01s
Iteration 236: Grad norm bound = 0.000057, time = 0.01s
Iteration 237: Grad norm bound = 0.000066, time = 0.01s
Iteration 238: Grad norm bound = 0.000065, time = 0.01s
Iteration 239: Grad norm bound = 0.000067, time = 0.01s
Iteration 240: Grad norm bound = 0.000067, time = 0.01s
Iteration 241: Grad norm bound = 0.000058, time = 0.01s
Iteration 242: Grad norm bound = 0.000061, time = 0.01s
Iteration 243: Grad norm bound = 0.000052, time = 0.01s
Iteration 244: Grad norm bound = 0.000073, time = 0.01s
Iteration 245: Grad norm bound = 0.000055, time = 0.01s
Iteration 246: Grad norm bound = 0.000067, time = 0.01s
Iteration 247: Grad norm bound = 0.000069, time = 0.01s
Iteration 248: Grad norm bound = 0.000049, time = 0.01s
Iteration 249: Grad norm bound = 0.000068, time = 0.01s
Iteration 250: Grad norm bound = 0.000072, time = 0.01s
Iteration 251: Grad norm bound = 0.000061, time = 0.01s
Iteration 252: Grad norm bound = 0.000067, time = 0.01s
Iteration 253: Grad norm bound = 0.000077, time = 0.01s
Iteration 254: Grad norm bound = 0.000061, time = 0.01s
Iteration 255: Grad norm bound = 0.000058, time = 0.01s
Iteration 256: Grad norm bound = 0.000065, time = 0.01s
Iteration 257: Grad norm bound = 0.000060, time = 0.01s
Iteration 258: Grad norm bound = 0.000057, time = 0.01s
Iteration 259: Grad norm bound = 0.000083, time = 0.01s
Iteration 260: Grad norm bound = 0.000067, time = 0.01s
Iteration 261: Grad norm bound = 0.000079, time = 0.01s
Iteration 262: Grad norm bound = 0.000077, time = 0.01s
Iteration 263: Grad norm bound = 0.000074, time = 0.01s
Iteration 264: Grad norm bound = 0.000053, time = 0.01s
Iteration 265: Grad norm bound = 0.000069, time = 0.01s
Iteration 266: Grad norm bound = 0.000063, time = 0.01s
Iteration 267: Grad norm bound = 0.000065, time = 0.01s
Iteration 268: Grad norm bound = 0.000067, time = 0.01s
Iteration 269: Grad norm bound = 0.000070, time = 0.01s
Iteration 270: Grad norm bound = 0.000055, time = 0.01s
Iteration 271: Grad norm bound = 0.000070, time = 0.01s
Iteration 272: Grad norm bound = 0.000055, time = 0.01s
Iteration 273: Grad norm bound = 0.000066, time = 0.01s
Iteration 274: Grad norm bound = 0.000073, time = 0.01s
Iteration 275: Grad norm bound = 0.000061, time = 0.01s
Iteration 276: Grad norm bound = 0.000054, time = 0.01s
Iteration 277: Grad norm bound = 0.000079, time = 0.01s
Iteration 278: Grad norm bound = 0.000071, time = 0.01s
Iteration 279: Grad norm bound = 0.000059, time = 0.01s
Iteration 280: Grad norm bound = 0.000065, time = 0.01s
Iteration 281: Grad norm bound = 0.000057, time = 0.01s
Iteration 282: Grad norm bound = 0.000051, time = 0.01s
Iteration 283: Grad norm bound = 0.000055, time = 0.01s
Iteration 284: Grad norm bound = 0.000054, time = 0.01s
Iteration 285: Grad norm bound = 0.000053, time = 0.01s
Iteration 286: Grad norm bound = 0.000052, time = 0.01s
Iteration 287: Grad norm bound = 0.000071, time = 0.01s
Iteration 288: Grad norm bound = 0.000075, time = 0.01s
Iteration 289: Grad norm bound = 0.000063, time = 0.01s
Iteration 290: Grad norm bound = 0.000053, time = 0.01s
Iteration 291: Grad norm bound = 0.000067, time = 0.01s
Iteration 292: Grad norm bound = 0.000055, time = 0.01s
Iteration 293: Grad norm bound = 0.000060, time = 0.01s
Iteration 294: Grad norm bound = 0.000064, time = 0.01s
Iteration 295: Grad norm bound = 0.000060, time = 0.01s
Iteration 296: Grad norm bound = 0.000064, time = 0.01s
Iteration 297: Grad norm bound = 0.000052, time = 0.01s
Iteration 298: Grad norm bound = 0.000078, time = 0.01s
Iteration 299: Grad norm bound = 0.000072, time = 0.01s
Iteration 300: Grad norm bound = 0.000056, time = 0.01s
Iteration 301: Grad norm bound = 0.000057, time = 0.01s
Iteration 302: Grad norm bound = 0.000079, time = 0.01s
Iteration 303: Grad norm bound = 0.000057, time = 0.01s
Iteration 304: Grad norm bound = 0.000050, time = 0.01s
Iteration 305: Grad norm bound = 0.000049, time = 0.01s
Iteration 306: Grad norm bound = 0.000054, time = 0.01s
Iteration 307: Grad norm bound = 0.000063, time = 0.01s
Iteration 308: Grad norm bound = 0.000065, time = 0.01s
Iteration 309: Grad norm bound = 0.000066, time = 0.01s
Iteration 310: Grad norm bound = 0.000081, time = 0.01s
Iteration 311: Grad norm bound = 0.000062, time = 0.01s
Iteration 312: Grad norm bound = 0.000058, time = 0.01s
Iteration 313: Grad norm bound = 0.000070, time = 0.01s
Iteration 314: Grad norm bound = 0.000064, time = 0.01s
Iteration 315: Grad norm bound = 0.000066, time = 0.01s
Iteration 316: Grad norm bound = 0.000057, time = 0.01s
Iteration 317: Grad norm bound = 0.000063, time = 0.01s
Iteration 318: Grad norm bound = 0.000058, time = 0.01s
Iteration 319: Grad norm bound = 0.000057, time = 0.01s
Iteration 320: Grad norm bound = 0.000057, time = 0.01s
Iteration 321: Grad norm bound = 0.000055, time = 0.01s
Iteration 322: Grad norm bound = 0.000062, time = 0.01s
Iteration 323: Grad norm bound = 0.000064, time = 0.01s
Iteration 324: Grad norm bound = 0.000060, time = 0.01s
Iteration 325: Grad norm bound = 0.000056, time = 0.01s
Iteration 326: Grad norm bound = 0.000064, time = 0.01s
Iteration 327: Grad norm bound = 0.000059, time = 0.01s
Iteration 328: Grad norm bound = 0.000070, time = 0.01s
Iteration 329: Grad norm bound = 0.000059, time = 0.01s
Iteration 330: Grad norm bound = 0.000062, time = 0.01s
Iteration 331: Grad norm bound = 0.000062, time = 0.01s
Iteration 332: Grad norm bound = 0.000065, time = 0.01s
Iteration 333: Grad norm bound = 0.000069, time = 0.01s
Iteration 334: Grad norm bound = 0.000061, time = 0.01s
Iteration 335: Grad norm bound = 0.000071, time = 0.01s
Iteration 336: Grad norm bound = 0.000052, time = 0.01s
Iteration 337: Grad norm bound = 0.000074, time = 0.01s
Iteration 338: Grad norm bound = 0.000082, time = 0.01s
Iteration 339: Grad norm bound = 0.000063, time = 0.01s
Iteration 340: Grad norm bound = 0.000056, time = 0.01s
Iteration 341: Grad norm bound = 0.000063, time = 0.01s
Iteration 342: Grad norm bound = 0.000059, time = 0.01s
Iteration 343: Grad norm bound = 0.000060, time = 0.01s
Iteration 344: Grad norm bound = 0.000058, time = 0.01s
Iteration 345: Grad norm bound = 0.000056, time = 0.01s
Iteration 346: Grad norm bound = 0.000070, time = 0.01s
Iteration 347: Grad norm bound = 0.000066, time = 0.01s
Iteration 348: Grad norm bound = 0.000078, time = 0.01s
Iteration 349: Grad norm bound = 0.000062, time = 0.01s
Iteration 350: Grad norm bound = 0.000059, time = 0.01s
Iteration 351: Grad norm bound = 0.000053, time = 0.01s
Iteration 352: Grad norm bound = 0.000059, time = 0.01s
Iteration 353: Grad norm bound = 0.000052, time = 0.01s
Iteration 354: Grad norm bound = 0.000058, time = 0.01s
Iteration 355: Grad norm bound = 0.000054, time = 0.01s
Iteration 356: Grad norm bound = 0.000069, time = 0.01s
Iteration 357: Grad norm bound = 0.000067, time = 0.01s
Iteration 358: Grad norm bound = 0.000060, time = 0.01s
Iteration 359: Grad norm bound = 0.000058, time = 0.01s
Iteration 360: Grad norm bound = 0.000071, time = 0.01s
Iteration 361: Grad norm bound = 0.000054, time = 0.01s
Iteration 362: Grad norm bound = 0.000078, time = 0.01s
Iteration 363: Grad norm bound = 0.000054, time = 0.01s
Iteration 364: Grad norm bound = 0.000071, time = 0.01s
Iteration 365: Grad norm bound = 0.000066, time = 0.01s
Iteration 366: Grad norm bound = 0.000058, time = 0.01s
Iteration 367: Grad norm bound = 0.000058, time = 0.01s
Iteration 368: Grad norm bound = 0.000081, time = 0.01s
Iteration 369: Grad norm bound = 0.000064, time = 0.01s
Iteration 370: Grad norm bound = 0.000079, time = 0.01s
Iteration 371: Grad norm bound = 0.000073, time = 0.01s
Iteration 372: Grad norm bound = 0.000067, time = 0.01s
Iteration 373: Grad norm bound = 0.000073, time = 0.01s
Iteration 374: Grad norm bound = 0.000065, time = 0.01s
Iteration 375: Grad norm bound = 0.000063, time = 0.01s
Iteration 376: Grad norm bound = 0.000056, time = 0.01s
Iteration 377: Grad norm bound = 0.000058, time = 0.01s
Iteration 378: Grad norm bound = 0.000060, time = 0.01s
Iteration 379: Grad norm bound = 0.000064, time = 0.01s
Iteration 380: Grad norm bound = 0.000071, time = 0.01s
Iteration 381: Grad norm bound = 0.000065, time = 0.01s
Iteration 382: Grad norm bound = 0.000053, time = 0.01s
Iteration 383: Grad norm bound = 0.000065, time = 0.01s
Iteration 384: Grad norm bound = 0.000073, time = 0.01s
Iteration 385: Grad norm bound = 0.000059, time = 0.01s
Iteration 386: Grad norm bound = 0.000052, time = 0.01s
Iteration 387: Grad norm bound = 0.000053, time = 0.01s
Iteration 388: Grad norm bound = 0.000057, time = 0.01s
Iteration 389: Grad norm bound = 0.000066, time = 0.01s
Iteration 390: Grad norm bound = 0.000058, time = 0.01s
Iteration 391: Grad norm bound = 0.000071, time = 0.01s
Iteration 392: Grad norm bound = 0.000062, time = 0.01s
Iteration 393: Grad norm bound = 0.000057, time = 0.01s
Iteration 394: Grad norm bound = 0.000073, time = 0.01s
Iteration 395: Grad norm bound = 0.000051, time = 0.01s
Iteration 396: Grad norm bound = 0.000061, time = 0.01s
Iteration 397: Grad norm bound = 0.000059, time = 0.01s
Iteration 398: Grad norm bound = 0.000078, time = 0.01s
Iteration 399: Grad norm bound = 0.000061, time = 0.01s
Iteration 400: Grad norm bound = 0.000055, time = 0.01s
Iteration 401: Grad norm bound = 0.000055, time = 0.01s
Iteration 402: Grad norm bound = 0.000059, time = 0.01s
Iteration 403: Grad norm bound = 0.000064, time = 0.01s
Iteration 404: Grad norm bound = 0.000058, time = 0.01s
Iteration 405: Grad norm bound = 0.000076, time = 0.01s
Iteration 406: Grad norm bound = 0.000063, time = 0.01s
Iteration 407: Grad norm bound = 0.000067, time = 0.01s
Iteration 408: Grad norm bound = 0.000059, time = 0.01s
Iteration 409: Grad norm bound = 0.000065, time = 0.01s
Iteration 410: Grad norm bound = 0.000060, time = 0.01s
Iteration 411: Grad norm bound = 0.000061, time = 0.01s
Iteration 412: Grad norm bound = 0.000056, time = 0.01s
Iteration 413: Grad norm bound = 0.000063, time = 0.01s
Iteration 414: Grad norm bound = 0.000060, time = 0.01s
Iteration 415: Grad norm bound = 0.000056, time = 0.01s
Iteration 416: Grad norm bound = 0.000067, time = 0.01s
Iteration 417: Grad norm bound = 0.000062, time = 0.01s
Iteration 418: Grad norm bound = 0.000059, time = 0.01s
Iteration 419: Grad norm bound = 0.000067, time = 0.01s
Iteration 420: Grad norm bound = 0.000065, time = 0.01s
Iteration 421: Grad norm bound = 0.000073, time = 0.01s
Iteration 422: Grad norm bound = 0.000066, time = 0.01s
Iteration 423: Grad norm bound = 0.000071, time = 0.01s
Iteration 424: Grad norm bound = 0.000058, time = 0.01s
Iteration 425: Grad norm bound = 0.000061, time = 0.01s
Iteration 426: Grad norm bound = 0.000063, time = 0.01s
Iteration 427: Grad norm bound = 0.000059, time = 0.01s
Iteration 428: Grad norm bound = 0.000065, time = 0.01s
Iteration 429: Grad norm bound = 0.000070, time = 0.01s
Iteration 430: Grad norm bound = 0.000058, time = 0.01s
Iteration 431: Grad norm bound = 0.000063, time = 0.01s
Iteration 432: Grad norm bound = 0.000074, time = 0.01s
Iteration 433: Grad norm bound = 0.000062, time = 0.01s
Iteration 434: Grad norm bound = 0.000068, time = 0.01s
Iteration 435: Grad norm bound = 0.000074, time = 0.01s
Iteration 436: Grad norm bound = 0.000063, time = 0.01s
Iteration 437: Grad norm bound = 0.000052, time = 0.01s
Iteration 438: Grad norm bound = 0.000071, time = 0.01s
Iteration 439: Grad norm bound = 0.000081, time = 0.01s
Iteration 440: Grad norm bound = 0.000049, time = 0.01s
Iteration 441: Grad norm bound = 0.000062, time = 0.01s
Iteration 442: Grad norm bound = 0.000070, time = 0.01s
Iteration 443: Grad norm bound = 0.000071, time = 0.01s
Iteration 444: Grad norm bound = 0.000053, time = 0.01s
Iteration 445: Grad norm bound = 0.000060, time = 0.01s
Iteration 446: Grad norm bound = 0.000054, time = 0.01s
Iteration 447: Grad norm bound = 0.000061, time = 0.01s
Iteration 448: Grad norm bound = 0.000060, time = 0.01s
Iteration 449: Grad norm bound = 0.000081, time = 0.01s
Iteration 450: Grad norm bound = 0.000076, time = 0.01s
Iteration 451: Grad norm bound = 0.000071, time = 0.01s
Iteration 452: Grad norm bound = 0.000064, time = 0.01s
Iteration 453: Grad norm bound = 0.000056, time = 0.01s
Iteration 454: Grad norm bound = 0.000069, time = 0.01s
Iteration 455: Grad norm bound = 0.000065, time = 0.01s
Iteration 456: Grad norm bound = 0.000065, time = 0.01s
Iteration 457: Grad norm bound = 0.000065, time = 0.01s
Iteration 458: Grad norm bound = 0.000060, time = 0.01s
Iteration 459: Grad norm bound = 0.000069, time = 0.01s
Iteration 460: Grad norm bound = 0.000084, time = 0.01s
Iteration 461: Grad norm bound = 0.000072, time = 0.01s
Iteration 462: Grad norm bound = 0.000058, time = 0.01s
Iteration 463: Grad norm bound = 0.000059, time = 0.01s
Iteration 464: Grad norm bound = 0.000071, time = 0.01s
Iteration 465: Grad norm bound = 0.000058, time = 0.01s
Iteration 466: Grad norm bound = 0.000059, time = 0.01s
Iteration 467: Grad norm bound = 0.000062, time = 0.01s
Iteration 468: Grad norm bound = 0.000071, time = 0.01s
Iteration 469: Grad norm bound = 0.000058, time = 0.01s
Iteration 470: Grad norm bound = 0.000060, time = 0.01s
Iteration 471: Grad norm bound = 0.000065, time = 0.01s
Iteration 472: Grad norm bound = 0.000066, time = 0.01s
Iteration 473: Grad norm bound = 0.000063, time = 0.01s
Iteration 474: Grad norm bound = 0.000053, time = 0.01s
Iteration 475: Grad norm bound = 0.000084, time = 0.01s
Iteration 476: Grad norm bound = 0.000063, time = 0.01s
Iteration 477: Grad norm bound = 0.000075, time = 0.01s
Iteration 478: Grad norm bound = 0.000056, time = 0.01s
Iteration 479: Grad norm bound = 0.000068, time = 0.01s
Iteration 480: Grad norm bound = 0.000059, time = 0.01s
Iteration 481: Grad norm bound = 0.000059, time = 0.01s
Iteration 482: Grad norm bound = 0.000065, time = 0.01s
Iteration 483: Grad norm bound = 0.000059, time = 0.01s
Iteration 484: Grad norm bound = 0.000070, time = 0.01s
Iteration 485: Grad norm bound = 0.000067, time = 0.01s
Iteration 486: Grad norm bound = 0.000085, time = 0.01s
Iteration 487: Grad norm bound = 0.000075, time = 0.01s
Iteration 488: Grad norm bound = 0.000079, time = 0.01s
Iteration 489: Grad norm bound = 0.000064, time = 0.01s
Iteration 490: Grad norm bound = 0.000068, time = 0.01s
Iteration 491: Grad norm bound = 0.000067, time = 0.01s
Iteration 492: Grad norm bound = 0.000069, time = 0.01s
Iteration 493: Grad norm bound = 0.000065, time = 0.01s
Iteration 494: Grad norm bound = 0.000068, time = 0.01s
Iteration 495: Grad norm bound = 0.000060, time = 0.01s
Iteration 496: Grad norm bound = 0.000071, time = 0.01s
Iteration 497: Grad norm bound = 0.000065, time = 0.01s
Iteration 498: Grad norm bound = 0.000068, time = 0.01s
Iteration 499: Grad norm bound = 0.000064, time = 0.01s
Iteration 500: Grad norm bound = 0.000061, time = 0.01s
Iteration 501: Grad norm bound = 0.000054, time = 0.01s
Iteration 502: Grad norm bound = 0.000064, time = 0.01s
Iteration 503: Grad norm bound = 0.000060, time = 0.01s
Iteration 504: Grad norm bound = 0.000062, time = 0.01s
Iteration 505: Grad norm bound = 0.000057, time = 0.01s
Iteration 506: Grad norm bound = 0.000084, time = 0.01s
Iteration 507: Grad norm bound = 0.000065, time = 0.01s
Iteration 508: Grad norm bound = 0.000066, time = 0.01s
Iteration 509: Grad norm bound = 0.000061, time = 0.01s
Iteration 510: Grad norm bound = 0.000071, time = 0.01s
Iteration 511: Grad norm bound = 0.000062, time = 0.01s
Iteration 512: Grad norm bound = 0.000056, time = 0.01s
Iteration 513: Grad norm bound = 0.000061, time = 0.01s
Iteration 514: Grad norm bound = 0.000072, time = 0.01s
Iteration 515: Grad norm bound = 0.000058, time = 0.01s
Iteration 516: Grad norm bound = 0.000066, time = 0.01s
Iteration 517: Grad norm bound = 0.000076, time = 0.01s
Iteration 518: Grad norm bound = 0.000063, time = 0.01s
Iteration 519: Grad norm bound = 0.000066, time = 0.01s
Iteration 520: Grad norm bound = 0.000068, time = 0.01s
Iteration 521: Grad norm bound = 0.000064, time = 0.01s
Iteration 522: Grad norm bound = 0.000066, time = 0.01s
Iteration 523: Grad norm bound = 0.000058, time = 0.01s
Iteration 524: Grad norm bound = 0.000067, time = 0.01s
Iteration 525: Grad norm bound = 0.000053, time = 0.01s
Iteration 526: Grad norm bound = 0.000061, time = 0.01s
Iteration 527: Grad norm bound = 0.000058, time = 0.01s
Iteration 528: Grad norm bound = 0.000058, time = 0.01s
Iteration 529: Grad norm bound = 0.000059, time = 0.01s
Iteration 530: Grad norm bound = 0.000063, time = 0.01s
Iteration 531: Grad norm bound = 0.000058, time = 0.01s
Iteration 532: Grad norm bound = 0.000059, time = 0.01s
Iteration 533: Grad norm bound = 0.000069, time = 0.01s
Iteration 534: Grad norm bound = 0.000068, time = 0.01s
Iteration 535: Grad norm bound = 0.000059, time = 0.01s
Iteration 536: Grad norm bound = 0.000074, time = 0.01s
Iteration 537: Grad norm bound = 0.000056, time = 0.01s
Iteration 538: Grad norm bound = 0.000060, time = 0.01s
Iteration 539: Grad norm bound = 0.000050, time = 0.01s
Iteration 540: Grad norm bound = 0.000073, time = 0.01s
Iteration 541: Grad norm bound = 0.000058, time = 0.01s
Iteration 542: Grad norm bound = 0.000059, time = 0.01s
Iteration 543: Grad norm bound = 0.000072, time = 0.01s
Iteration 544: Grad norm bound = 0.000076, time = 0.01s
Iteration 545: Grad norm bound = 0.000062, time = 0.01s
Iteration 546: Grad norm bound = 0.000069, time = 0.01s
Iteration 547: Grad norm bound = 0.000053, time = 0.01s
Iteration 548: Grad norm bound = 0.000065, time = 0.01s
Iteration 549: Grad norm bound = 0.000066, time = 0.01s
Iteration 550: Grad norm bound = 0.000063, time = 0.01s
Iteration 551: Grad norm bound = 0.000059, time = 0.01s
Iteration 552: Grad norm bound = 0.000067, time = 0.01s
Iteration 553: Grad norm bound = 0.000059, time = 0.01s
Iteration 554: Grad norm bound = 0.000060, time = 0.01s
Iteration 555: Grad norm bound = 0.000060, time = 0.01s
Iteration 556: Grad norm bound = 0.000072, time = 0.01s
Iteration 557: Grad norm bound = 0.000053, time = 0.01s
Iteration 558: Grad norm bound = 0.000078, time = 0.01s
Iteration 559: Grad norm bound = 0.000057, time = 0.01s
Iteration 560: Grad norm bound = 0.000056, time = 0.01s
Iteration 561: Grad norm bound = 0.000060, time = 0.01s
Iteration 562: Grad norm bound = 0.000063, time = 0.01s
Iteration 563: Grad norm bound = 0.000055, time = 0.01s
Iteration 564: Grad norm bound = 0.000065, time = 0.01s
Iteration 565: Grad norm bound = 0.000061, time = 0.01s
Iteration 566: Grad norm bound = 0.000053, time = 0.01s
Iteration 567: Grad norm bound = 0.000062, time = 0.01s
Iteration 568: Grad norm bound = 0.000085, time = 0.01s
Iteration 569: Grad norm bound = 0.000073, time = 0.01s
Iteration 570: Grad norm bound = 0.000085, time = 0.01s
Iteration 571: Grad norm bound = 0.000064, time = 0.01s
Iteration 572: Grad norm bound = 0.000057, time = 0.01s
Iteration 573: Grad norm bound = 0.000059, time = 0.01s
Iteration 574: Grad norm bound = 0.000061, time = 0.01s
Iteration 575: Grad norm bound = 0.000064, time = 0.01s
Iteration 576: Grad norm bound = 0.000064, time = 0.01s
Iteration 577: Grad norm bound = 0.000060, time = 0.01s
Iteration 578: Grad norm bound = 0.000064, time = 0.01s
Iteration 579: Grad norm bound = 0.000060, time = 0.01s
Iteration 580: Grad norm bound = 0.000075, time = 0.01s
Iteration 581: Grad norm bound = 0.000068, time = 0.01s
Iteration 582: Grad norm bound = 0.000067, time = 0.01s
Iteration 583: Grad norm bound = 0.000054, time = 0.01s
Iteration 584: Grad norm bound = 0.000055, time = 0.01s
Iteration 585: Grad norm bound = 0.000078, time = 0.01s
Iteration 586: Grad norm bound = 0.000059, time = 0.01s
Iteration 587: Grad norm bound = 0.000076, time = 0.01s
Iteration 588: Grad norm bound = 0.000059, time = 0.01s
Iteration 589: Grad norm bound = 0.000065, time = 0.01s
Iteration 590: Grad norm bound = 0.000064, time = 0.01s
Iteration 591: Grad norm bound = 0.000060, time = 0.01s
Iteration 592: Grad norm bound = 0.000073, time = 0.01s
Iteration 593: Grad norm bound = 0.000078, time = 0.01s
Iteration 594: Grad norm bound = 0.000066, time = 0.01s
Iteration 595: Grad norm bound = 0.000066, time = 0.01s
Iteration 596: Grad norm bound = 0.000064, time = 0.01s
Iteration 597: Grad norm bound = 0.000062, time = 0.01s
Iteration 598: Grad norm bound = 0.000074, time = 0.01s
Iteration 599: Grad norm bound = 0.000068, time = 0.01s
Iteration 600: Grad norm bound = 0.000065, time = 0.01s
Iteration 601: Grad norm bound = 0.000068, time = 0.01s
Iteration 602: Grad norm bound = 0.000070, time = 0.01s
Iteration 603: Grad norm bound = 0.000062, time = 0.01s
Iteration 604: Grad norm bound = 0.000052, time = 0.01s
Iteration 605: Grad norm bound = 0.000057, time = 0.01s
Iteration 606: Grad norm bound = 0.000063, time = 0.01s
Iteration 607: Grad norm bound = 0.000063, time = 0.01s
Iteration 608: Grad norm bound = 0.000062, time = 0.01s
Iteration 609: Grad norm bound = 0.000067, time = 0.01s
Iteration 610: Grad norm bound = 0.000068, time = 0.01s
Iteration 611: Grad norm bound = 0.000085, time = 0.01s
Iteration 612: Grad norm bound = 0.000058, time = 0.01s
Iteration 613: Grad norm bound = 0.000083, time = 0.01s
Iteration 614: Grad norm bound = 0.000056, time = 0.01s
Iteration 615: Grad norm bound = 0.000060, time = 0.01s
Iteration 616: Grad norm bound = 0.000072, time = 0.01s
Iteration 617: Grad norm bound = 0.000062, time = 0.01s
Iteration 618: Grad norm bound = 0.000059, time = 0.01s
Iteration 619: Grad norm bound = 0.000054, time = 0.01s
Iteration 620: Grad norm bound = 0.000073, time = 0.01s
Iteration 621: Grad norm bound = 0.000060, time = 0.01s
Iteration 622: Grad norm bound = 0.000059, time = 0.01s
Iteration 623: Grad norm bound = 0.000070, time = 0.01s
Iteration 624: Grad norm bound = 0.000060, time = 0.01s
Iteration 625: Grad norm bound = 0.000068, time = 0.01s
Iteration 626: Grad norm bound = 0.000055, time = 0.01s
Iteration 627: Grad norm bound = 0.000062, time = 0.01s
Iteration 628: Grad norm bound = 0.000071, time = 0.01s
Iteration 629: Grad norm bound = 0.000071, time = 0.01s
Iteration 630: Grad norm bound = 0.000081, time = 0.01s
Iteration 631: Grad norm bound = 0.000073, time = 0.01s
Iteration 632: Grad norm bound = 0.000058, time = 0.01s
Iteration 633: Grad norm bound = 0.000064, time = 0.01s
Iteration 634: Grad norm bound = 0.000056, time = 0.01s
Iteration 635: Grad norm bound = 0.000066, time = 0.01s
Iteration 636: Grad norm bound = 0.000087, time = 0.01s
Iteration 637: Grad norm bound = 0.000062, time = 0.01s
Iteration 638: Grad norm bound = 0.000068, time = 0.01s
Iteration 639: Grad norm bound = 0.000056, time = 0.01s
Iteration 640: Grad norm bound = 0.000060, time = 0.01s
Iteration 641: Grad norm bound = 0.000059, time = 0.01s
Iteration 642: Grad norm bound = 0.000064, time = 0.01s
Iteration 643: Grad norm bound = 0.000086, time = 0.01s
Iteration 644: Grad norm bound = 0.000058, time = 0.01s
Iteration 645: Grad norm bound = 0.000069, time = 0.01s
Iteration 646: Grad norm bound = 0.000058, time = 0.01s
Iteration 647: Grad norm bound = 0.000067, time = 0.01s
Iteration 648: Grad norm bound = 0.000052, time = 0.01s
Iteration 649: Grad norm bound = 0.000057, time = 0.01s
Iteration 650: Grad norm bound = 0.000062, time = 0.01s
Iteration 651: Grad norm bound = 0.000063, time = 0.01s
Iteration 652: Grad norm bound = 0.000064, time = 0.01s
Iteration 653: Grad norm bound = 0.000064, time = 0.01s
Iteration 654: Grad norm bound = 0.000060, time = 0.01s
Iteration 655: Grad norm bound = 0.000066, time = 0.01s
Iteration 656: Grad norm bound = 0.000061, time = 0.01s
Iteration 657: Grad norm bound = 0.000072, time = 0.01s
Iteration 658: Grad norm bound = 0.000057, time = 0.01s
Iteration 659: Grad norm bound = 0.000060, time = 0.01s
Iteration 660: Grad norm bound = 0.000058, time = 0.01s
Iteration 661: Grad norm bound = 0.000054, time = 0.01s
Iteration 662: Grad norm bound = 0.000076, time = 0.01s
Iteration 663: Grad norm bound = 0.000079, time = 0.01s
Iteration 664: Grad norm bound = 0.000062, time = 0.01s
Iteration 665: Grad norm bound = 0.000075, time = 0.01s
Iteration 666: Grad norm bound = 0.000054, time = 0.01s
Iteration 667: Grad norm bound = 0.000078, time = 0.01s
Iteration 668: Grad norm bound = 0.000058, time = 0.01s
Iteration 669: Grad norm bound = 0.000063, time = 0.01s
Iteration 670: Grad norm bound = 0.000064, time = 0.01s
Iteration 671: Grad norm bound = 0.000073, time = 0.01s
Iteration 672: Grad norm bound = 0.000075, time = 0.01s
Iteration 673: Grad norm bound = 0.000071, time = 0.01s
Iteration 674: Grad norm bound = 0.000061, time = 0.01s
Iteration 675: Grad norm bound = 0.000060, time = 0.01s
Iteration 676: Grad norm bound = 0.000062, time = 0.01s
Iteration 677: Grad norm bound = 0.000066, time = 0.01s
Iteration 678: Grad norm bound = 0.000053, time = 0.01s
Iteration 679: Grad norm bound = 0.000062, time = 0.01s
Iteration 680: Grad norm bound = 0.000061, time = 0.01s
Iteration 681: Grad norm bound = 0.000070, time = 0.01s
Iteration 682: Grad norm bound = 0.000058, time = 0.01s
Iteration 683: Grad norm bound = 0.000096, time = 0.01s
Iteration 684: Grad norm bound = 0.000073, time = 0.01s
Iteration 685: Grad norm bound = 0.000071, time = 0.01s
Iteration 686: Grad norm bound = 0.000082, time = 0.01s
Iteration 687: Grad norm bound = 0.000070, time = 0.01s
Iteration 688: Grad norm bound = 0.000051, time = 0.01s
Iteration 689: Grad norm bound = 0.000066, time = 0.01s
Iteration 690: Grad norm bound = 0.000061, time = 0.01s
Iteration 691: Grad norm bound = 0.000069, time = 0.01s
Iteration 692: Grad norm bound = 0.000069, time = 0.01s
Iteration 693: Grad norm bound = 0.000070, time = 0.01s
Iteration 694: Grad norm bound = 0.000078, time = 0.01s
Iteration 695: Grad norm bound = 0.000070, time = 0.01s
Iteration 696: Grad norm bound = 0.000065, time = 0.01s
Iteration 697: Grad norm bound = 0.000058, time = 0.01s
Iteration 698: Grad norm bound = 0.000072, time = 0.01s
Iteration 699: Grad norm bound = 0.000061, time = 0.01s
Iteration 700: Grad norm bound = 0.000073, time = 0.01s
Iteration 701: Grad norm bound = 0.000075, time = 0.01s
Iteration 702: Grad norm bound = 0.000078, time = 0.01s
Iteration 703: Grad norm bound = 0.000062, time = 0.01s
Iteration 704: Grad norm bound = 0.000079, time = 0.01s
Iteration 705: Grad norm bound = 0.000059, time = 0.01s
Iteration 706: Grad norm bound = 0.000077, time = 0.01s
Iteration 707: Grad norm bound = 0.000080, time = 0.01s
Iteration 708: Grad norm bound = 0.000068, time = 0.01s
Iteration 709: Grad norm bound = 0.000058, time = 0.01s
Iteration 710: Grad norm bound = 0.000068, time = 0.01s
Iteration 711: Grad norm bound = 0.000069, time = 0.01s
Iteration 712: Grad norm bound = 0.000069, time = 0.01s
Iteration 713: Grad norm bound = 0.000077, time = 0.01s
Iteration 714: Grad norm bound = 0.000069, time = 0.01s
Iteration 715: Grad norm bound = 0.000074, time = 0.01s
Iteration 716: Grad norm bound = 0.000077, time = 0.01s
Iteration 717: Grad norm bound = 0.000067, time = 0.01s
Iteration 718: Grad norm bound = 0.000056, time = 0.01s
Iteration 719: Grad norm bound = 0.000086, time = 0.01s
Iteration 720: Grad norm bound = 0.000065, time = 0.01s
Iteration 721: Grad norm bound = 0.000083, time = 0.01s
Iteration 722: Grad norm bound = 0.000056, time = 0.01s
Iteration 723: Grad norm bound = 0.000074, time = 0.01s
Iteration 724: Grad norm bound = 0.000059, time = 0.01s
Iteration 725: Grad norm bound = 0.000071, time = 0.01s
Iteration 726: Grad norm bound = 0.000058, time = 0.01s
Iteration 727: Grad norm bound = 0.000065, time = 0.01s
Iteration 728: Grad norm bound = 0.000086, time = 0.01s
Iteration 729: Grad norm bound = 0.000061, time = 0.01s
Iteration 730: Grad norm bound = 0.000069, time = 0.01s
Iteration 731: Grad norm bound = 0.000060, time = 0.01s
Iteration 732: Grad norm bound = 0.000079, time = 0.01s
Iteration 733: Grad norm bound = 0.000083, time = 0.01s
Iteration 734: Grad norm bound = 0.000067, time = 0.01s
Iteration 735: Grad norm bound = 0.000071, time = 0.01s
Iteration 736: Grad norm bound = 0.000078, time = 0.01s
Iteration 737: Grad norm bound = 0.000063, time = 0.01s
Iteration 738: Grad norm bound = 0.000057, time = 0.01s
Iteration 739: Grad norm bound = 0.000057, time = 0.01s
Iteration 740: Grad norm bound = 0.000076, time = 0.01s
Iteration 741: Grad norm bound = 0.000080, time = 0.01s
Iteration 742: Grad norm bound = 0.000072, time = 0.01s
Iteration 743: Grad norm bound = 0.000059, time = 0.01s
Iteration 744: Grad norm bound = 0.000064, time = 0.01s
Iteration 745: Grad norm bound = 0.000057, time = 0.01s
Iteration 746: Grad norm bound = 0.000058, time = 0.01s
Iteration 747: Grad norm bound = 0.000073, time = 0.01s
Iteration 748: Grad norm bound = 0.000063, time = 0.01s
Iteration 749: Grad norm bound = 0.000064, time = 0.01s
Iteration 750: Grad norm bound = 0.000067, time = 0.01s
Iteration 751: Grad norm bound = 0.000071, time = 0.01s
Iteration 752: Grad norm bound = 0.000058, time = 0.01s
Iteration 753: Grad norm bound = 0.000067, time = 0.01s
Iteration 754: Grad norm bound = 0.000062, time = 0.01s
Iteration 755: Grad norm bound = 0.000050, time = 0.01s
Iteration 756: Grad norm bound = 0.000080, time = 0.01s
Iteration 757: Grad norm bound = 0.000057, time = 0.01s
Iteration 758: Grad norm bound = 0.000057, time = 0.01s
Iteration 759: Grad norm bound = 0.000067, time = 0.01s
Iteration 760: Grad norm bound = 0.000065, time = 0.01s
Iteration 761: Grad norm bound = 0.000061, time = 0.01s
Iteration 762: Grad norm bound = 0.000055, time = 0.01s
Iteration 763: Grad norm bound = 0.000062, time = 0.01s
Iteration 764: Grad norm bound = 0.000061, time = 0.01s
Iteration 765: Grad norm bound = 0.000069, time = 0.01s
Iteration 766: Grad norm bound = 0.000068, time = 0.01s
Iteration 767: Grad norm bound = 0.000067, time = 0.01s
Iteration 768: Grad norm bound = 0.000064, time = 0.01s
Iteration 769: Grad norm bound = 0.000070, time = 0.01s
Iteration 770: Grad norm bound = 0.000059, time = 0.01s
Iteration 771: Grad norm bound = 0.000069, time = 0.01s
Iteration 772: Grad norm bound = 0.000063, time = 0.01s
Iteration 773: Grad norm bound = 0.000057, time = 0.01s
Iteration 774: Grad norm bound = 0.000068, time = 0.01s
Iteration 775: Grad norm bound = 0.000064, time = 0.01s
Iteration 776: Grad norm bound = 0.000069, time = 0.01s
Iteration 777: Grad norm bound = 0.000069, time = 0.01s
Iteration 778: Grad norm bound = 0.000070, time = 0.01s
Iteration 779: Grad norm bound = 0.000085, time = 0.01s
Iteration 780: Grad norm bound = 0.000083, time = 0.01s
Iteration 781: Grad norm bound = 0.000056, time = 0.01s
Iteration 782: Grad norm bound = 0.000057, time = 0.01s
Iteration 783: Grad norm bound = 0.000080, time = 0.01s
Iteration 784: Grad norm bound = 0.000074, time = 0.01s
Iteration 785: Grad norm bound = 0.000072, time = 0.01s
Iteration 786: Grad norm bound = 0.000062, time = 0.01s
Iteration 787: Grad norm bound = 0.000060, time = 0.01s
Iteration 788: Grad norm bound = 0.000063, time = 0.01s
Iteration 789: Grad norm bound = 0.000062, time = 0.01s
Iteration 790: Grad norm bound = 0.000071, time = 0.01s
Iteration 791: Grad norm bound = 0.000056, time = 0.01s
Iteration 792: Grad norm bound = 0.000066, time = 0.01s
Iteration 793: Grad norm bound = 0.000083, time = 0.01s
Iteration 794: Grad norm bound = 0.000082, time = 0.01s
Iteration 795: Grad norm bound = 0.000083, time = 0.01s
Iteration 796: Grad norm bound = 0.000056, time = 0.01s
Iteration 797: Grad norm bound = 0.000069, time = 0.01s
Iteration 798: Grad norm bound = 0.000080, time = 0.01s
Iteration 799: Grad norm bound = 0.000063, time = 0.01s
Iteration 800: Grad norm bound = 0.000068, time = 0.01s
Iteration 801: Grad norm bound = 0.000067, time = 0.01s
Iteration 802: Grad norm bound = 0.000059, time = 0.01s
Iteration 803: Grad norm bound = 0.000076, time = 0.01s
Iteration 804: Grad norm bound = 0.000078, time = 0.01s
Iteration 805: Grad norm bound = 0.000067, time = 0.01s
Iteration 806: Grad norm bound = 0.000057, time = 0.01s
Iteration 807: Grad norm bound = 0.000083, time = 0.01s
Iteration 808: Grad norm bound = 0.000071, time = 0.01s
Iteration 809: Grad norm bound = 0.000059, time = 0.01s
Iteration 810: Grad norm bound = 0.000059, time = 0.01s
Iteration 811: Grad norm bound = 0.000058, time = 0.01s
Iteration 812: Grad norm bound = 0.000052, time = 0.01s
Iteration 813: Grad norm bound = 0.000069, time = 0.01s
Iteration 814: Grad norm bound = 0.000066, time = 0.01s
Iteration 815: Grad norm bound = 0.000080, time = 0.01s
Iteration 816: Grad norm bound = 0.000073, time = 0.01s
Iteration 817: Grad norm bound = 0.000059, time = 0.01s
Iteration 818: Grad norm bound = 0.000063, time = 0.01s
Iteration 819: Grad norm bound = 0.000086, time = 0.01s
Iteration 820: Grad norm bound = 0.000076, time = 0.01s
Iteration 821: Grad norm bound = 0.000068, time = 0.01s
Iteration 822: Grad norm bound = 0.000072, time = 0.01s
Iteration 823: Grad norm bound = 0.000064, time = 0.01s
Iteration 824: Grad norm bound = 0.000058, time = 0.01s
Iteration 825: Grad norm bound = 0.000065, time = 0.01s
Iteration 826: Grad norm bound = 0.000066, time = 0.01s
Iteration 827: Grad norm bound = 0.000070, time = 0.01s
Iteration 828: Grad norm bound = 0.000058, time = 0.01s
Iteration 829: Grad norm bound = 0.000063, time = 0.01s
Iteration 830: Grad norm bound = 0.000060, time = 0.01s
Iteration 831: Grad norm bound = 0.000089, time = 0.01s
Iteration 832: Grad norm bound = 0.000061, time = 0.01s
Iteration 833: Grad norm bound = 0.000067, time = 0.01s
Iteration 834: Grad norm bound = 0.000062, time = 0.01s
Iteration 835: Grad norm bound = 0.000062, time = 0.01s
Iteration 836: Grad norm bound = 0.000068, time = 0.01s
Iteration 837: Grad norm bound = 0.000066, time = 0.01s
Iteration 838: Grad norm bound = 0.000064, time = 0.01s
Iteration 839: Grad norm bound = 0.000073, time = 0.01s
Iteration 840: Grad norm bound = 0.000084, time = 0.01s
Iteration 841: Grad norm bound = 0.000060, time = 0.01s
Iteration 842: Grad norm bound = 0.000071, time = 0.01s
Iteration 843: Grad norm bound = 0.000065, time = 0.01s
Iteration 844: Grad norm bound = 0.000063, time = 0.01s
Iteration 845: Grad norm bound = 0.000066, time = 0.01s
Iteration 846: Grad norm bound = 0.000061, time = 0.01s
Iteration 847: Grad norm bound = 0.000074, time = 0.01s
Iteration 848: Grad norm bound = 0.000071, time = 0.01s
Iteration 849: Grad norm bound = 0.000075, time = 0.01s
Iteration 850: Grad norm bound = 0.000073, time = 0.01s
Iteration 851: Grad norm bound = 0.000077, time = 0.01s
Iteration 852: Grad norm bound = 0.000080, time = 0.01s
Iteration 853: Grad norm bound = 0.000061, time = 0.01s
Iteration 854: Grad norm bound = 0.000081, time = 0.01s
Iteration 855: Grad norm bound = 0.000076, time = 0.01s
Iteration 856: Grad norm bound = 0.000054, time = 0.01s
Iteration 857: Grad norm bound = 0.000074, time = 0.01s
Iteration 858: Grad norm bound = 0.000058, time = 0.01s
Iteration 859: Grad norm bound = 0.000067, time = 0.01s
Iteration 860: Grad norm bound = 0.000059, time = 0.01s
Iteration 861: Grad norm bound = 0.000073, time = 0.01s
Iteration 862: Grad norm bound = 0.000070, time = 0.01s
Iteration 863: Grad norm bound = 0.000063, time = 0.01s
Iteration 864: Grad norm bound = 0.000066, time = 0.01s
Iteration 865: Grad norm bound = 0.000060, time = 0.01s
Iteration 866: Grad norm bound = 0.000059, time = 0.01s
Iteration 867: Grad norm bound = 0.000075, time = 0.01s
Iteration 868: Grad norm bound = 0.000064, time = 0.01s
Iteration 869: Grad norm bound = 0.000069, time = 0.01s
Iteration 870: Grad norm bound = 0.000073, time = 0.01s
Iteration 871: Grad norm bound = 0.000063, time = 0.01s
Iteration 872: Grad norm bound = 0.000060, time = 0.01s
Iteration 873: Grad norm bound = 0.000071, time = 0.01s
Iteration 874: Grad norm bound = 0.000060, time = 0.01s
Iteration 875: Grad norm bound = 0.000064, time = 0.01s
Iteration 876: Grad norm bound = 0.000054, time = 0.01s
Iteration 877: Grad norm bound = 0.000060, time = 0.01s
Iteration 878: Grad norm bound = 0.000063, time = 0.01s
Iteration 879: Grad norm bound = 0.000068, time = 0.01s
Iteration 880: Grad norm bound = 0.000094, time = 0.01s
Iteration 881: Grad norm bound = 0.000073, time = 0.01s
Iteration 882: Grad norm bound = 0.000065, time = 0.01s
Iteration 883: Grad norm bound = 0.000068, time = 0.01s
Iteration 884: Grad norm bound = 0.000060, time = 0.01s
Iteration 885: Grad norm bound = 0.000073, time = 0.01s
Iteration 886: Grad norm bound = 0.000062, time = 0.01s
Iteration 887: Grad norm bound = 0.000064, time = 0.01s
Iteration 888: Grad norm bound = 0.000062, time = 0.01s
Iteration 889: Grad norm bound = 0.000062, time = 0.01s
Iteration 890: Grad norm bound = 0.000066, time = 0.01s
Iteration 891: Grad norm bound = 0.000075, time = 0.01s
Iteration 892: Grad norm bound = 0.000077, time = 0.01s
Iteration 893: Grad norm bound = 0.000064, time = 0.01s
Iteration 894: Grad norm bound = 0.000082, time = 0.01s
Iteration 895: Grad norm bound = 0.000070, time = 0.01s
Iteration 896: Grad norm bound = 0.000072, time = 0.01s
Iteration 897: Grad norm bound = 0.000059, time = 0.01s
Iteration 898: Grad norm bound = 0.000074, time = 0.01s
Iteration 899: Grad norm bound = 0.000090, time = 0.01s
Iteration 900: Grad norm bound = 0.000061, time = 0.01s
Iteration 901: Grad norm bound = 0.000067, time = 0.01s
Iteration 902: Grad norm bound = 0.000063, time = 0.01s
Iteration 903: Grad norm bound = 0.000073, time = 0.01s
Iteration 904: Grad norm bound = 0.000060, time = 0.01s
Iteration 905: Grad norm bound = 0.000091, time = 0.01s
Iteration 906: Grad norm bound = 0.000081, time = 0.01s
Iteration 907: Grad norm bound = 0.000062, time = 0.01s
Iteration 908: Grad norm bound = 0.000064, time = 0.01s
Iteration 909: Grad norm bound = 0.000060, time = 0.01s
Iteration 910: Grad norm bound = 0.000065, time = 0.01s
Iteration 911: Grad norm bound = 0.000071, time = 0.01s
Iteration 912: Grad norm bound = 0.000066, time = 0.01s
Iteration 913: Grad norm bound = 0.000087, time = 0.01s
Iteration 914: Grad norm bound = 0.000058, time = 0.01s
Iteration 915: Grad norm bound = 0.000070, time = 0.01s
Iteration 916: Grad norm bound = 0.000055, time = 0.01s
Iteration 917: Grad norm bound = 0.000071, time = 0.01s
Iteration 918: Grad norm bound = 0.000081, time = 0.01s
Iteration 919: Grad norm bound = 0.000060, time = 0.01s
Iteration 920: Grad norm bound = 0.000060, time = 0.01s
Iteration 921: Grad norm bound = 0.000082, time = 0.01s
Iteration 922: Grad norm bound = 0.000065, time = 0.01s
Iteration 923: Grad norm bound = 0.000062, time = 0.01s
Iteration 924: Grad norm bound = 0.000082, time = 0.01s
Iteration 925: Grad norm bound = 0.000084, time = 0.01s
Iteration 926: Grad norm bound = 0.000067, time = 0.01s
Iteration 927: Grad norm bound = 0.000073, time = 0.01s
Iteration 928: Grad norm bound = 0.000063, time = 0.01s
Iteration 929: Grad norm bound = 0.000075, time = 0.01s
Iteration 930: Grad norm bound = 0.000063, time = 0.01s
Iteration 931: Grad norm bound = 0.000057, time = 0.01s
Iteration 932: Grad norm bound = 0.000065, time = 0.01s
Iteration 933: Grad norm bound = 0.000071, time = 0.01s
Iteration 934: Grad norm bound = 0.000066, time = 0.01s
Iteration 935: Grad norm bound = 0.000059, time = 0.01s
Iteration 936: Grad norm bound = 0.000063, time = 0.01s
Iteration 937: Grad norm bound = 0.000065, time = 0.01s
Iteration 938: Grad norm bound = 0.000055, time = 0.01s
Iteration 939: Grad norm bound = 0.000061, time = 0.01s
Iteration 940: Grad norm bound = 0.000058, time = 0.01s
Iteration 941: Grad norm bound = 0.000061, time = 0.01s
Iteration 942: Grad norm bound = 0.000065, time = 0.01s
Iteration 943: Grad norm bound = 0.000067, time = 0.01s
Iteration 944: Grad norm bound = 0.000067, time = 0.01s
Iteration 945: Grad norm bound = 0.000066, time = 0.01s
Iteration 946: Grad norm bound = 0.000058, time = 0.01s
Iteration 947: Grad norm bound = 0.000073, time = 0.01s
Iteration 948: Grad norm bound = 0.000052, time = 0.01s
Iteration 949: Grad norm bound = 0.000063, time = 0.01s
Iteration 950: Grad norm bound = 0.000067, time = 0.01s
Iteration 951: Grad norm bound = 0.000069, time = 0.01s
Iteration 952: Grad norm bound = 0.000065, time = 0.01s
Iteration 953: Grad norm bound = 0.000073, time = 0.01s
Iteration 954: Grad norm bound = 0.000065, time = 0.01s
Iteration 955: Grad norm bound = 0.000062, time = 0.01s
Iteration 956: Grad norm bound = 0.000062, time = 0.01s
Iteration 957: Grad norm bound = 0.000076, time = 0.01s
Iteration 958: Grad norm bound = 0.000058, time = 0.01s
Iteration 959: Grad norm bound = 0.000059, time = 0.01s
Iteration 960: Grad norm bound = 0.000080, time = 0.01s
Iteration 961: Grad norm bound = 0.000071, time = 0.01s
Iteration 962: Grad norm bound = 0.000060, time = 0.01s
Iteration 963: Grad norm bound = 0.000069, time = 0.01s
Iteration 964: Grad norm bound = 0.000062, time = 0.01s
Iteration 965: Grad norm bound = 0.000057, time = 0.01s
Iteration 966: Grad norm bound = 0.000061, time = 0.01s
Iteration 967: Grad norm bound = 0.000058, time = 0.01s
Iteration 968: Grad norm bound = 0.000069, time = 0.01s
Iteration 969: Grad norm bound = 0.000064, time = 0.01s
Iteration 970: Grad norm bound = 0.000065, time = 0.01s
Iteration 971: Grad norm bound = 0.000054, time = 0.01s
Iteration 972: Grad norm bound = 0.000078, time = 0.01s
Iteration 973: Grad norm bound = 0.000069, time = 0.01s
Iteration 974: Grad norm bound = 0.000061, time = 0.01s
Iteration 975: Grad norm bound = 0.000082, time = 0.01s
Iteration 976: Grad norm bound = 0.000055, time = 0.01s
Iteration 977: Grad norm bound = 0.000056, time = 0.01s
Iteration 978: Grad norm bound = 0.000065, time = 0.01s
Iteration 979: Grad norm bound = 0.000061, time = 0.01s
Iteration 980: Grad norm bound = 0.000076, time = 0.01s
Iteration 981: Grad norm bound = 0.000064, time = 0.01s
Iteration 982: Grad norm bound = 0.000060, time = 0.01s
Iteration 983: Grad norm bound = 0.000054, time = 0.01s
Iteration 984: Grad norm bound = 0.000071, time = 0.01s
Iteration 985: Grad norm bound = 0.000059, time = 0.01s
Iteration 986: Grad norm bound = 0.000068, time = 0.01s
Iteration 987: Grad norm bound = 0.000068, time = 0.01s
Iteration 988: Grad norm bound = 0.000075, time = 0.01s
Iteration 989: Grad norm bound = 0.000071, time = 0.01s
Iteration 990: Grad norm bound = 0.000083, time = 0.01s
Iteration 991: Grad norm bound = 0.000079, time = 0.01s
Iteration 992: Grad norm bound = 0.000076, time = 0.01s
Iteration 993: Grad norm bound = 0.000071, time = 0.01s
Iteration 994: Grad norm bound = 0.000064, time = 0.01s
Iteration 995: Grad norm bound = 0.000077, time = 0.01s
Iteration 996: Grad norm bound = 0.000076, time = 0.01s
Iteration 997: Grad norm bound = 0.000067, time = 0.01s
Iteration 998: Grad norm bound = 0.000072, time = 0.01s
Iteration 999: Grad norm bound = 0.000064, time = 0.01s
Iteration 1000: Grad norm bound = 0.000066, time = 0.01s
Test accuracy = 0.8710
